[18:14:55] [main/INFO]: Setting user: Player496
[18:15:04] [Client thread/INFO]: LWJGL Version: 2.9.1
[18:15:27] [Client thread/INFO]: Reloading ResourceManager: Default, FMLFileResourcePack:Forge Mod Loader, FMLFileResourcePack:Minecraft Forge, FMLFileResourcePack:Not Enough Items, FMLFileResourcePack:Essence Armory, FMLFileResourcePack:Damage Indicators, FMLFileResourcePack:AppleCore, FMLFileResourcePack:NEI Addons, FMLFileResourcePack:NEI Addons: Botany, FMLFileResourcePack:NEI Addons: Forestry, FMLFileResourcePack:NEI Addons: Crafting Tables, FMLFileResourcePack:NEI Addons: Ex Nihilo, FMLFileResourcePack:NEI Integration, FMLFileResourcePack:NEI Plugins Unofficial, FMLFileResourcePack:Waila, FMLFileResourcePack:Waila Harvestability, FMLFileResourcePack:What Are We Looking At
[18:15:32] [Sound Library Loader/INFO]: Sound engine started
[18:16:03] [Client thread/ERROR]: Unable to parse metadata from essence:textures/blocks/essencePylon.png
java.lang.RuntimeException: broken aspect ratio and not an animation
	at net.minecraft.client.renderer.texture.TextureAtlasSprite.loadSprite(TextureAtlasSprite.java:245) ~[TextureAtlasSprite.class:?]
	at net.minecraft.client.renderer.texture.TextureMap.loadTextureAtlas(TextureMap.java:170) [TextureMap.class:?]
	at net.minecraft.client.renderer.texture.TextureMap.loadTexture(TextureMap.java:91) [TextureMap.class:?]
	at net.minecraft.client.renderer.texture.TextureManager.loadTexture(TextureManager.java:89) [TextureManager.class:?]
	at net.minecraft.client.renderer.texture.TextureManager.loadTickableTexture(TextureManager.java:71) [TextureManager.class:?]
	at net.minecraft.client.renderer.texture.TextureManager.loadTextureMap(TextureManager.java:58) [TextureManager.class:?]
	at net.minecraft.client.Minecraft.startGame(Minecraft.java:582) [Minecraft.class:?]
	at net.minecraft.client.Minecraft.run(Minecraft.java:931) [Minecraft.class:?]
	at net.minecraft.client.main.Main.main(Main.java:164) [Main.class:?]
	at sun.reflect.NativeMethodAccessorImpl.invoke0(Native Method) ~[?:1.8.0_40]
	at sun.reflect.NativeMethodAccessorImpl.invoke(Unknown Source) ~[?:1.8.0_40]
	at sun.reflect.DelegatingMethodAccessorImpl.invoke(Unknown Source) ~[?:1.8.0_40]
	at java.lang.reflect.Method.invoke(Unknown Source) ~[?:1.8.0_40]
	at net.minecraft.launchwrapper.Launch.launch(Launch.java:135) [launchwrapper-1.11.jar:?]
	at net.minecraft.launchwrapper.Launch.main(Launch.java:28) [launchwrapper-1.11.jar:?]
	at net.minecraftforge.gradle.GradleStartCommon.launch(Unknown Source) [start/:?]
	at GradleStart.main(Unknown Source) [start/:?]
[18:16:04] [Client thread/ERROR]: Unable to parse metadata from essence:textures/blocks/essenceInfuser.png
java.lang.RuntimeException: broken aspect ratio and not an animation
	at net.minecraft.client.renderer.texture.TextureAtlasSprite.loadSprite(TextureAtlasSprite.java:245) ~[TextureAtlasSprite.class:?]
	at net.minecraft.client.renderer.texture.TextureMap.loadTextureAtlas(TextureMap.java:170) [TextureMap.class:?]
	at net.minecraft.client.renderer.texture.TextureMap.loadTexture(TextureMap.java:91) [TextureMap.class:?]
	at net.minecraft.client.renderer.texture.TextureManager.loadTexture(TextureManager.java:89) [TextureManager.class:?]
	at net.minecraft.client.renderer.texture.TextureManager.loadTickableTexture(TextureManager.java:71) [TextureManager.class:?]
	at net.minecraft.client.renderer.texture.TextureManager.loadTextureMap(TextureManager.java:58) [TextureManager.class:?]
	at net.minecraft.client.Minecraft.startGame(Minecraft.java:582) [Minecraft.class:?]
	at net.minecraft.client.Minecraft.run(Minecraft.java:931) [Minecraft.class:?]
	at net.minecraft.client.main.Main.main(Main.java:164) [Main.class:?]
	at sun.reflect.NativeMethodAccessorImpl.invoke0(Native Method) ~[?:1.8.0_40]
	at sun.reflect.NativeMethodAccessorImpl.invoke(Unknown Source) ~[?:1.8.0_40]
	at sun.reflect.DelegatingMethodAccessorImpl.invoke(Unknown Source) ~[?:1.8.0_40]
	at java.lang.reflect.Method.invoke(Unknown Source) ~[?:1.8.0_40]
	at net.minecraft.launchwrapper.Launch.launch(Launch.java:135) [launchwrapper-1.11.jar:?]
	at net.minecraft.launchwrapper.Launch.main(Launch.java:28) [launchwrapper-1.11.jar:?]
	at net.minecraftforge.gradle.GradleStartCommon.launch(Unknown Source) [start/:?]
	at GradleStart.main(Unknown Source) [start/:?]
[18:16:04] [Client thread/INFO]: Created: 512x256 textures/blocks-atlas
[18:16:04] [Client thread/ERROR]: Using missing texture, unable to load essence:textures/items/infusedRod.png
java.io.FileNotFoundException: essence:textures/items/infusedRod.png
	at net.minecraft.client.resources.FallbackResourceManager.getResource(FallbackResourceManager.java:65) ~[FallbackResourceManager.class:?]
	at net.minecraft.client.resources.SimpleReloadableResourceManager.getResource(SimpleReloadableResourceManager.java:67) ~[SimpleReloadableResourceManager.class:?]
	at net.minecraft.client.renderer.texture.TextureMap.loadTextureAtlas(TextureMap.java:126) [TextureMap.class:?]
	at net.minecraft.client.renderer.texture.TextureMap.loadTexture(TextureMap.java:91) [TextureMap.class:?]
	at net.minecraft.client.renderer.texture.TextureManager.loadTexture(TextureManager.java:89) [TextureManager.class:?]
	at net.minecraft.client.renderer.texture.TextureManager.loadTickableTexture(TextureManager.java:71) [TextureManager.class:?]
	at net.minecraft.client.renderer.texture.TextureManager.loadTextureMap(TextureManager.java:58) [TextureManager.class:?]
	at net.minecraft.client.Minecraft.startGame(Minecraft.java:583) [Minecraft.class:?]
	at net.minecraft.client.Minecraft.run(Minecraft.java:931) [Minecraft.class:?]
	at net.minecraft.client.main.Main.main(Main.java:164) [Main.class:?]
	at sun.reflect.NativeMethodAccessorImpl.invoke0(Native Method) ~[?:1.8.0_40]
	at sun.reflect.NativeMethodAccessorImpl.invoke(Unknown Source) ~[?:1.8.0_40]
	at sun.reflect.DelegatingMethodAccessorImpl.invoke(Unknown Source) ~[?:1.8.0_40]
	at java.lang.reflect.Method.invoke(Unknown Source) ~[?:1.8.0_40]
	at net.minecraft.launchwrapper.Launch.launch(Launch.java:135) [launchwrapper-1.11.jar:?]
	at net.minecraft.launchwrapper.Launch.main(Launch.java:28) [launchwrapper-1.11.jar:?]
	at net.minecraftforge.gradle.GradleStartCommon.launch(Unknown Source) [start/:?]
	at GradleStart.main(Unknown Source) [start/:?]
[18:16:04] [Client thread/INFO]: Created: 256x256 textures/items-atlas
[18:16:11] [Client thread/INFO]: Reloading ResourceManager: Default, FMLFileResourcePack:Forge Mod Loader, FMLFileResourcePack:Minecraft Forge, FMLFileResourcePack:Not Enough Items, FMLFileResourcePack:Essence Armory, FMLFileResourcePack:Damage Indicators, FMLFileResourcePack:AppleCore, FMLFileResourcePack:NEI Addons, FMLFileResourcePack:NEI Addons: Botany, FMLFileResourcePack:NEI Addons: Forestry, FMLFileResourcePack:NEI Addons: Crafting Tables, FMLFileResourcePack:NEI Addons: Ex Nihilo, FMLFileResourcePack:NEI Integration, FMLFileResourcePack:NEI Plugins Unofficial, FMLFileResourcePack:Waila, FMLFileResourcePack:Waila Harvestability, FMLFileResourcePack:What Are We Looking At
[18:16:11] [Client thread/ERROR]: Unable to parse metadata from essence:textures/blocks/essencePylon.png
java.lang.RuntimeException: broken aspect ratio and not an animation
	at net.minecraft.client.renderer.texture.TextureAtlasSprite.loadSprite(TextureAtlasSprite.java:245) ~[TextureAtlasSprite.class:?]
	at net.minecraft.client.renderer.texture.TextureMap.loadTextureAtlas(TextureMap.java:170) [TextureMap.class:?]
	at net.minecraft.client.renderer.texture.TextureMap.loadTexture(TextureMap.java:91) [TextureMap.class:?]
	at net.minecraft.client.renderer.texture.TextureManager.loadTexture(TextureManager.java:89) [TextureManager.class:?]
	at net.minecraft.client.renderer.texture.TextureManager.onResourceManagerReload(TextureManager.java:170) [TextureManager.class:?]
	at net.minecraft.client.resources.SimpleReloadableResourceManager.notifyReloadListeners(SimpleReloadableResourceManager.java:134) [SimpleReloadableResourceManager.class:?]
	at net.minecraft.client.resources.SimpleReloadableResourceManager.reloadResources(SimpleReloadableResourceManager.java:118) [SimpleReloadableResourceManager.class:?]
	at net.minecraft.client.Minecraft.refreshResources(Minecraft.java:643) [Minecraft.class:?]
	at cpw.mods.fml.client.FMLClientHandler.finishMinecraftLoading(FMLClientHandler.java:303) [FMLClientHandler.class:?]
	at net.minecraft.client.Minecraft.startGame(Minecraft.java:586) [Minecraft.class:?]
	at net.minecraft.client.Minecraft.run(Minecraft.java:931) [Minecraft.class:?]
	at net.minecraft.client.main.Main.main(Main.java:164) [Main.class:?]
	at sun.reflect.NativeMethodAccessorImpl.invoke0(Native Method) ~[?:1.8.0_40]
	at sun.reflect.NativeMethodAccessorImpl.invoke(Unknown Source) ~[?:1.8.0_40]
	at sun.reflect.DelegatingMethodAccessorImpl.invoke(Unknown Source) ~[?:1.8.0_40]
	at java.lang.reflect.Method.invoke(Unknown Source) ~[?:1.8.0_40]
	at net.minecraft.launchwrapper.Launch.launch(Launch.java:135) [launchwrapper-1.11.jar:?]
	at net.minecraft.launchwrapper.Launch.main(Launch.java:28) [launchwrapper-1.11.jar:?]
	at net.minecraftforge.gradle.GradleStartCommon.launch(Unknown Source) [start/:?]
	at GradleStart.main(Unknown Source) [start/:?]
[18:16:12] [Client thread/ERROR]: Unable to parse metadata from essence:textures/blocks/essenceInfuser.png
java.lang.RuntimeException: broken aspect ratio and not an animation
	at net.minecraft.client.renderer.texture.TextureAtlasSprite.loadSprite(TextureAtlasSprite.java:245) ~[TextureAtlasSprite.class:?]
	at net.minecraft.client.renderer.texture.TextureMap.loadTextureAtlas(TextureMap.java:170) [TextureMap.class:?]
	at net.minecraft.client.renderer.texture.TextureMap.loadTexture(TextureMap.java:91) [TextureMap.class:?]
	at net.minecraft.client.renderer.texture.TextureManager.loadTexture(TextureManager.java:89) [TextureManager.class:?]
	at net.minecraft.client.renderer.texture.TextureManager.onResourceManagerReload(TextureManager.java:170) [TextureManager.class:?]
	at net.minecraft.client.resources.SimpleReloadableResourceManager.notifyReloadListeners(SimpleReloadableResourceManager.java:134) [SimpleReloadableResourceManager.class:?]
	at net.minecraft.client.resources.SimpleReloadableResourceManager.reloadResources(SimpleReloadableResourceManager.java:118) [SimpleReloadableResourceManager.class:?]
	at net.minecraft.client.Minecraft.refreshResources(Minecraft.java:643) [Minecraft.class:?]
	at cpw.mods.fml.client.FMLClientHandler.finishMinecraftLoading(FMLClientHandler.java:303) [FMLClientHandler.class:?]
	at net.minecraft.client.Minecraft.startGame(Minecraft.java:586) [Minecraft.class:?]
	at net.minecraft.client.Minecraft.run(Minecraft.java:931) [Minecraft.class:?]
	at net.minecraft.client.main.Main.main(Main.java:164) [Main.class:?]
	at sun.reflect.NativeMethodAccessorImpl.invoke0(Native Method) ~[?:1.8.0_40]
	at sun.reflect.NativeMethodAccessorImpl.invoke(Unknown Source) ~[?:1.8.0_40]
	at sun.reflect.DelegatingMethodAccessorImpl.invoke(Unknown Source) ~[?:1.8.0_40]
	at java.lang.reflect.Method.invoke(Unknown Source) ~[?:1.8.0_40]
	at net.minecraft.launchwrapper.Launch.launch(Launch.java:135) [launchwrapper-1.11.jar:?]
	at net.minecraft.launchwrapper.Launch.main(Launch.java:28) [launchwrapper-1.11.jar:?]
	at net.minecraftforge.gradle.GradleStartCommon.launch(Unknown Source) [start/:?]
	at GradleStart.main(Unknown Source) [start/:?]
[18:16:12] [Client thread/INFO]: Created: 512x256 textures/blocks-atlas
[18:16:12] [Client thread/ERROR]: Using missing texture, unable to load essence:textures/items/infusedRod.png
java.io.FileNotFoundException: essence:textures/items/infusedRod.png
	at net.minecraft.client.resources.FallbackResourceManager.getResource(FallbackResourceManager.java:65) ~[FallbackResourceManager.class:?]
	at net.minecraft.client.resources.SimpleReloadableResourceManager.getResource(SimpleReloadableResourceManager.java:67) ~[SimpleReloadableResourceManager.class:?]
	at net.minecraft.client.renderer.texture.TextureMap.loadTextureAtlas(TextureMap.java:126) [TextureMap.class:?]
	at net.minecraft.client.renderer.texture.TextureMap.loadTexture(TextureMap.java:91) [TextureMap.class:?]
	at net.minecraft.client.renderer.texture.TextureManager.loadTexture(TextureManager.java:89) [TextureManager.class:?]
	at net.minecraft.client.renderer.texture.TextureManager.onResourceManagerReload(TextureManager.java:170) [TextureManager.class:?]
	at net.minecraft.client.resources.SimpleReloadableResourceManager.notifyReloadListeners(SimpleReloadableResourceManager.java:134) [SimpleReloadableResourceManager.class:?]
	at net.minecraft.client.resources.SimpleReloadableResourceManager.reloadResources(SimpleReloadableResourceManager.java:118) [SimpleReloadableResourceManager.class:?]
	at net.minecraft.client.Minecraft.refreshResources(Minecraft.java:643) [Minecraft.class:?]
	at cpw.mods.fml.client.FMLClientHandler.finishMinecraftLoading(FMLClientHandler.java:303) [FMLClientHandler.class:?]
	at net.minecraft.client.Minecraft.startGame(Minecraft.java:586) [Minecraft.class:?]
	at net.minecraft.client.Minecraft.run(Minecraft.java:931) [Minecraft.class:?]
	at net.minecraft.client.main.Main.main(Main.java:164) [Main.class:?]
	at sun.reflect.NativeMethodAccessorImpl.invoke0(Native Method) ~[?:1.8.0_40]
	at sun.reflect.NativeMethodAccessorImpl.invoke(Unknown Source) ~[?:1.8.0_40]
	at sun.reflect.DelegatingMethodAccessorImpl.invoke(Unknown Source) ~[?:1.8.0_40]
	at java.lang.reflect.Method.invoke(Unknown Source) ~[?:1.8.0_40]
	at net.minecraft.launchwrapper.Launch.launch(Launch.java:135) [launchwrapper-1.11.jar:?]
	at net.minecraft.launchwrapper.Launch.main(Launch.java:28) [launchwrapper-1.11.jar:?]
	at net.minecraftforge.gradle.GradleStartCommon.launch(Unknown Source) [start/:?]
	at GradleStart.main(Unknown Source) [start/:?]
[18:16:12] [Client thread/INFO]: Created: 256x256 textures/items-atlas
[18:16:13] [Sound Library Loader/INFO]: Sound engine started
[18:16:29] [Server thread/INFO]: Starting integrated minecraft server version 1.7.10
[18:16:29] [Server thread/INFO]: Generating keypair
[18:16:32] [Server thread/INFO]: Preparing start region for level 0
[18:16:33] [Server thread/INFO]: Preparing spawn area: 56%
[18:16:34] [Server thread/INFO]: Changing view distance to 8, from 10
[18:16:36] [Server thread/INFO]: Player496[local:E:7e1b1128] logged in with entity id 11 at (-647.6500561517825, 58.0, 1076.7410761808908)
[18:16:36] [Server thread/INFO]: Player496 joined the game
[18:16:44] [Client thread/INFO]: [CHAT] Damage Indicators v.3.2.3.0 is up to date.
[18:16:45] [Server thread/INFO]: Saving and pausing game...
[18:16:45] [Server thread/INFO]: Saving chunks for level 'Flatlands'/Overworld
[18:16:46] [Server thread/INFO]: Saving chunks for level 'Flatlands'/Nether
[18:16:46] [Server thread/INFO]: Saving chunks for level 'Flatlands'/The End
[18:16:47] [Server thread/INFO]: Player496 has just earned the achievement [Taking Inventory]
[18:16:48] [Client thread/INFO]: [CHAT] Player496 has just earned the achievement [Taking Inventory]
[18:16:53] [Client thread/INFO]: [CHAT] Essence Infuser is correctly set up.
[18:16:53] [Client thread/INFO]: [CHAT] Ritual has required fuel source
[18:17:06] [Server thread/INFO]: Saving and pausing game...
[18:17:06] [Server thread/INFO]: Saving chunks for level 'Flatlands'/Overworld
[18:17:06] [Server thread/INFO]: Saving chunks for level 'Flatlands'/Nether
[18:17:06] [Server thread/INFO]: Saving chunks for level 'Flatlands'/The End
[18:18:19] [Client thread/INFO]: [CHAT] Essence Infuser is correctly set up.
[18:18:19] [Client thread/INFO]: [CHAT] Ritual has required fuel source
[18:18:21] [Client thread/INFO]: [CHAT] Essence Infuser is correctly set up.
[18:18:21] [Client thread/INFO]: [CHAT] Ritual has required fuel source
[18:18:39] [Client thread/INFO]: Stopping!
[18:18:39] [Server thread/INFO]: Stopping server
[18:18:39] [Server thread/INFO]: Saving players
[18:18:39] [Server thread/INFO]: Saving worlds
[18:18:39] [Server thread/INFO]: Saving chunks for level 'Flatlands'/Overworld
[18:18:40] [Server thread/INFO]: Saving chunks for level 'Flatlands'/Nether
[18:18:40] [Server thread/INFO]: Saving chunks for level 'Flatlands'/The End
[18:18:40] [Client Shutdown Thread/INFO]: Stopping server
[18:18:40] [Client Shutdown Thread/INFO]: Saving players
[09:52:25] [main/INFO]: Setting user: Player704
[09:52:25] [main/INFO]: Setting user: Player698
[09:52:33] [Client thread/INFO]: LWJGL Version: 2.9.1
