[14:09:16] [main/INFO]: Setting user: Player281
[14:09:25] [Client thread/INFO]: LWJGL Version: 2.9.1
[14:09:41] [Client thread/INFO]: Reloading ResourceManager: Default, FMLFileResourcePack:Forge Mod Loader, FMLFileResourcePack:Minecraft Forge, FMLFileResourcePack:Not Enough Items, FMLFileResourcePack:Essence Armory, FMLFileResourcePack:Damage Indicators, FMLFileResourcePack:AppleCore, FMLFileResourcePack:NEI Addons, FMLFileResourcePack:NEI Addons: Botany, FMLFileResourcePack:NEI Addons: Forestry, FMLFileResourcePack:NEI Addons: Crafting Tables, FMLFileResourcePack:NEI Addons: Ex Nihilo, FMLFileResourcePack:NEI Integration, FMLFileResourcePack:NEI Plugins Unofficial, FMLFileResourcePack:Waila, FMLFileResourcePack:Waila Harvestability, FMLFileResourcePack:What Are We Looking At
[14:09:45] [Sound Library Loader/INFO]: Sound engine started
[14:09:48] [Client thread/ERROR]: Unable to parse metadata from essence:textures/blocks/essencePylon.png
java.lang.RuntimeException: broken aspect ratio and not an animation
	at net.minecraft.client.renderer.texture.TextureAtlasSprite.loadSprite(TextureAtlasSprite.java:245) ~[TextureAtlasSprite.class:?]
	at net.minecraft.client.renderer.texture.TextureMap.loadTextureAtlas(TextureMap.java:170) [TextureMap.class:?]
	at net.minecraft.client.renderer.texture.TextureMap.loadTexture(TextureMap.java:91) [TextureMap.class:?]
	at net.minecraft.client.renderer.texture.TextureManager.loadTexture(TextureManager.java:89) [TextureManager.class:?]
	at net.minecraft.client.renderer.texture.TextureManager.loadTickableTexture(TextureManager.java:71) [TextureManager.class:?]
	at net.minecraft.client.renderer.texture.TextureManager.loadTextureMap(TextureManager.java:58) [TextureManager.class:?]
	at net.minecraft.client.Minecraft.startGame(Minecraft.java:582) [Minecraft.class:?]
	at net.minecraft.client.Minecraft.run(Minecraft.java:931) [Minecraft.class:?]
	at net.minecraft.client.main.Main.main(Main.java:164) [Main.class:?]
	at sun.reflect.NativeMethodAccessorImpl.invoke0(Native Method) ~[?:1.8.0_40]
	at sun.reflect.NativeMethodAccessorImpl.invoke(Unknown Source) ~[?:1.8.0_40]
	at sun.reflect.DelegatingMethodAccessorImpl.invoke(Unknown Source) ~[?:1.8.0_40]
	at java.lang.reflect.Method.invoke(Unknown Source) ~[?:1.8.0_40]
	at net.minecraft.launchwrapper.Launch.launch(Launch.java:135) [launchwrapper-1.11.jar:?]
	at net.minecraft.launchwrapper.Launch.main(Launch.java:28) [launchwrapper-1.11.jar:?]
	at net.minecraftforge.gradle.GradleStartCommon.launch(Unknown Source) [start/:?]
	at GradleStart.main(Unknown Source) [start/:?]
[14:09:48] [Client thread/ERROR]: Unable to parse metadata from essence:textures/blocks/essenceInfuser.png
java.lang.RuntimeException: broken aspect ratio and not an animation
	at net.minecraft.client.renderer.texture.TextureAtlasSprite.loadSprite(TextureAtlasSprite.java:245) ~[TextureAtlasSprite.class:?]
	at net.minecraft.client.renderer.texture.TextureMap.loadTextureAtlas(TextureMap.java:170) [TextureMap.class:?]
	at net.minecraft.client.renderer.texture.TextureMap.loadTexture(TextureMap.java:91) [TextureMap.class:?]
	at net.minecraft.client.renderer.texture.TextureManager.loadTexture(TextureManager.java:89) [TextureManager.class:?]
	at net.minecraft.client.renderer.texture.TextureManager.loadTickableTexture(TextureManager.java:71) [TextureManager.class:?]
	at net.minecraft.client.renderer.texture.TextureManager.loadTextureMap(TextureManager.java:58) [TextureManager.class:?]
	at net.minecraft.client.Minecraft.startGame(Minecraft.java:582) [Minecraft.class:?]
	at net.minecraft.client.Minecraft.run(Minecraft.java:931) [Minecraft.class:?]
	at net.minecraft.client.main.Main.main(Main.java:164) [Main.class:?]
	at sun.reflect.NativeMethodAccessorImpl.invoke0(Native Method) ~[?:1.8.0_40]
	at sun.reflect.NativeMethodAccessorImpl.invoke(Unknown Source) ~[?:1.8.0_40]
	at sun.reflect.DelegatingMethodAccessorImpl.invoke(Unknown Source) ~[?:1.8.0_40]
	at java.lang.reflect.Method.invoke(Unknown Source) ~[?:1.8.0_40]
	at net.minecraft.launchwrapper.Launch.launch(Launch.java:135) [launchwrapper-1.11.jar:?]
	at net.minecraft.launchwrapper.Launch.main(Launch.java:28) [launchwrapper-1.11.jar:?]
	at net.minecraftforge.gradle.GradleStartCommon.launch(Unknown Source) [start/:?]
	at GradleStart.main(Unknown Source) [start/:?]
[14:09:49] [Client thread/INFO]: Created: 512x256 textures/blocks-atlas
[14:09:49] [Client thread/ERROR]: Using missing texture, unable to load essence:textures/items/infusedRod.png
java.io.FileNotFoundException: essence:textures/items/infusedRod.png
	at net.minecraft.client.resources.FallbackResourceManager.getResource(FallbackResourceManager.java:65) ~[FallbackResourceManager.class:?]
	at net.minecraft.client.resources.SimpleReloadableResourceManager.getResource(SimpleReloadableResourceManager.java:67) ~[SimpleReloadableResourceManager.class:?]
	at net.minecraft.client.renderer.texture.TextureMap.loadTextureAtlas(TextureMap.java:126) [TextureMap.class:?]
	at net.minecraft.client.renderer.texture.TextureMap.loadTexture(TextureMap.java:91) [TextureMap.class:?]
	at net.minecraft.client.renderer.texture.TextureManager.loadTexture(TextureManager.java:89) [TextureManager.class:?]
	at net.minecraft.client.renderer.texture.TextureManager.loadTickableTexture(TextureManager.java:71) [TextureManager.class:?]
	at net.minecraft.client.renderer.texture.TextureManager.loadTextureMap(TextureManager.java:58) [TextureManager.class:?]
	at net.minecraft.client.Minecraft.startGame(Minecraft.java:583) [Minecraft.class:?]
	at net.minecraft.client.Minecraft.run(Minecraft.java:931) [Minecraft.class:?]
	at net.minecraft.client.main.Main.main(Main.java:164) [Main.class:?]
	at sun.reflect.NativeMethodAccessorImpl.invoke0(Native Method) ~[?:1.8.0_40]
	at sun.reflect.NativeMethodAccessorImpl.invoke(Unknown Source) ~[?:1.8.0_40]
	at sun.reflect.DelegatingMethodAccessorImpl.invoke(Unknown Source) ~[?:1.8.0_40]
	at java.lang.reflect.Method.invoke(Unknown Source) ~[?:1.8.0_40]
	at net.minecraft.launchwrapper.Launch.launch(Launch.java:135) [launchwrapper-1.11.jar:?]
	at net.minecraft.launchwrapper.Launch.main(Launch.java:28) [launchwrapper-1.11.jar:?]
	at net.minecraftforge.gradle.GradleStartCommon.launch(Unknown Source) [start/:?]
	at GradleStart.main(Unknown Source) [start/:?]
[14:09:49] [Client thread/INFO]: Created: 256x256 textures/items-atlas
[14:09:53] [Client thread/INFO]: Reloading ResourceManager: Default, FMLFileResourcePack:Forge Mod Loader, FMLFileResourcePack:Minecraft Forge, FMLFileResourcePack:Not Enough Items, FMLFileResourcePack:Essence Armory, FMLFileResourcePack:Damage Indicators, FMLFileResourcePack:AppleCore, FMLFileResourcePack:NEI Addons, FMLFileResourcePack:NEI Addons: Botany, FMLFileResourcePack:NEI Addons: Forestry, FMLFileResourcePack:NEI Addons: Crafting Tables, FMLFileResourcePack:NEI Addons: Ex Nihilo, FMLFileResourcePack:NEI Integration, FMLFileResourcePack:NEI Plugins Unofficial, FMLFileResourcePack:Waila, FMLFileResourcePack:Waila Harvestability, FMLFileResourcePack:What Are We Looking At
[14:09:53] [Client thread/ERROR]: Unable to parse metadata from essence:textures/blocks/essencePylon.png
java.lang.RuntimeException: broken aspect ratio and not an animation
	at net.minecraft.client.renderer.texture.TextureAtlasSprite.loadSprite(TextureAtlasSprite.java:245) ~[TextureAtlasSprite.class:?]
	at net.minecraft.client.renderer.texture.TextureMap.loadTextureAtlas(TextureMap.java:170) [TextureMap.class:?]
	at net.minecraft.client.renderer.texture.TextureMap.loadTexture(TextureMap.java:91) [TextureMap.class:?]
	at net.minecraft.client.renderer.texture.TextureManager.loadTexture(TextureManager.java:89) [TextureManager.class:?]
	at net.minecraft.client.renderer.texture.TextureManager.onResourceManagerReload(TextureManager.java:170) [TextureManager.class:?]
	at net.minecraft.client.resources.SimpleReloadableResourceManager.notifyReloadListeners(SimpleReloadableResourceManager.java:134) [SimpleReloadableResourceManager.class:?]
	at net.minecraft.client.resources.SimpleReloadableResourceManager.reloadResources(SimpleReloadableResourceManager.java:118) [SimpleReloadableResourceManager.class:?]
	at net.minecraft.client.Minecraft.refreshResources(Minecraft.java:643) [Minecraft.class:?]
	at cpw.mods.fml.client.FMLClientHandler.finishMinecraftLoading(FMLClientHandler.java:303) [FMLClientHandler.class:?]
	at net.minecraft.client.Minecraft.startGame(Minecraft.java:586) [Minecraft.class:?]
	at net.minecraft.client.Minecraft.run(Minecraft.java:931) [Minecraft.class:?]
	at net.minecraft.client.main.Main.main(Main.java:164) [Main.class:?]
	at sun.reflect.NativeMethodAccessorImpl.invoke0(Native Method) ~[?:1.8.0_40]
	at sun.reflect.NativeMethodAccessorImpl.invoke(Unknown Source) ~[?:1.8.0_40]
	at sun.reflect.DelegatingMethodAccessorImpl.invoke(Unknown Source) ~[?:1.8.0_40]
	at java.lang.reflect.Method.invoke(Unknown Source) ~[?:1.8.0_40]
	at net.minecraft.launchwrapper.Launch.launch(Launch.java:135) [launchwrapper-1.11.jar:?]
	at net.minecraft.launchwrapper.Launch.main(Launch.java:28) [launchwrapper-1.11.jar:?]
	at net.minecraftforge.gradle.GradleStartCommon.launch(Unknown Source) [start/:?]
	at GradleStart.main(Unknown Source) [start/:?]
[14:09:53] [Client thread/ERROR]: Unable to parse metadata from essence:textures/blocks/essenceInfuser.png
java.lang.RuntimeException: broken aspect ratio and not an animation
	at net.minecraft.client.renderer.texture.TextureAtlasSprite.loadSprite(TextureAtlasSprite.java:245) ~[TextureAtlasSprite.class:?]
	at net.minecraft.client.renderer.texture.TextureMap.loadTextureAtlas(TextureMap.java:170) [TextureMap.class:?]
	at net.minecraft.client.renderer.texture.TextureMap.loadTexture(TextureMap.java:91) [TextureMap.class:?]
	at net.minecraft.client.renderer.texture.TextureManager.loadTexture(TextureManager.java:89) [TextureManager.class:?]
	at net.minecraft.client.renderer.texture.TextureManager.onResourceManagerReload(TextureManager.java:170) [TextureManager.class:?]
	at net.minecraft.client.resources.SimpleReloadableResourceManager.notifyReloadListeners(SimpleReloadableResourceManager.java:134) [SimpleReloadableResourceManager.class:?]
	at net.minecraft.client.resources.SimpleReloadableResourceManager.reloadResources(SimpleReloadableResourceManager.java:118) [SimpleReloadableResourceManager.class:?]
	at net.minecraft.client.Minecraft.refreshResources(Minecraft.java:643) [Minecraft.class:?]
	at cpw.mods.fml.client.FMLClientHandler.finishMinecraftLoading(FMLClientHandler.java:303) [FMLClientHandler.class:?]
	at net.minecraft.client.Minecraft.startGame(Minecraft.java:586) [Minecraft.class:?]
	at net.minecraft.client.Minecraft.run(Minecraft.java:931) [Minecraft.class:?]
	at net.minecraft.client.main.Main.main(Main.java:164) [Main.class:?]
	at sun.reflect.NativeMethodAccessorImpl.invoke0(Native Method) ~[?:1.8.0_40]
	at sun.reflect.NativeMethodAccessorImpl.invoke(Unknown Source) ~[?:1.8.0_40]
	at sun.reflect.DelegatingMethodAccessorImpl.invoke(Unknown Source) ~[?:1.8.0_40]
	at java.lang.reflect.Method.invoke(Unknown Source) ~[?:1.8.0_40]
	at net.minecraft.launchwrapper.Launch.launch(Launch.java:135) [launchwrapper-1.11.jar:?]
	at net.minecraft.launchwrapper.Launch.main(Launch.java:28) [launchwrapper-1.11.jar:?]
	at net.minecraftforge.gradle.GradleStartCommon.launch(Unknown Source) [start/:?]
	at GradleStart.main(Unknown Source) [start/:?]
[14:09:53] [Client thread/INFO]: Created: 512x256 textures/blocks-atlas
[14:09:53] [Client thread/ERROR]: Using missing texture, unable to load essence:textures/items/infusedRod.png
java.io.FileNotFoundException: essence:textures/items/infusedRod.png
	at net.minecraft.client.resources.FallbackResourceManager.getResource(FallbackResourceManager.java:65) ~[FallbackResourceManager.class:?]
	at net.minecraft.client.resources.SimpleReloadableResourceManager.getResource(SimpleReloadableResourceManager.java:67) ~[SimpleReloadableResourceManager.class:?]
	at net.minecraft.client.renderer.texture.TextureMap.loadTextureAtlas(TextureMap.java:126) [TextureMap.class:?]
	at net.minecraft.client.renderer.texture.TextureMap.loadTexture(TextureMap.java:91) [TextureMap.class:?]
	at net.minecraft.client.renderer.texture.TextureManager.loadTexture(TextureManager.java:89) [TextureManager.class:?]
	at net.minecraft.client.renderer.texture.TextureManager.onResourceManagerReload(TextureManager.java:170) [TextureManager.class:?]
	at net.minecraft.client.resources.SimpleReloadableResourceManager.notifyReloadListeners(SimpleReloadableResourceManager.java:134) [SimpleReloadableResourceManager.class:?]
	at net.minecraft.client.resources.SimpleReloadableResourceManager.reloadResources(SimpleReloadableResourceManager.java:118) [SimpleReloadableResourceManager.class:?]
	at net.minecraft.client.Minecraft.refreshResources(Minecraft.java:643) [Minecraft.class:?]
	at cpw.mods.fml.client.FMLClientHandler.finishMinecraftLoading(FMLClientHandler.java:303) [FMLClientHandler.class:?]
	at net.minecraft.client.Minecraft.startGame(Minecraft.java:586) [Minecraft.class:?]
	at net.minecraft.client.Minecraft.run(Minecraft.java:931) [Minecraft.class:?]
	at net.minecraft.client.main.Main.main(Main.java:164) [Main.class:?]
	at sun.reflect.NativeMethodAccessorImpl.invoke0(Native Method) ~[?:1.8.0_40]
	at sun.reflect.NativeMethodAccessorImpl.invoke(Unknown Source) ~[?:1.8.0_40]
	at sun.reflect.DelegatingMethodAccessorImpl.invoke(Unknown Source) ~[?:1.8.0_40]
	at java.lang.reflect.Method.invoke(Unknown Source) ~[?:1.8.0_40]
	at net.minecraft.launchwrapper.Launch.launch(Launch.java:135) [launchwrapper-1.11.jar:?]
	at net.minecraft.launchwrapper.Launch.main(Launch.java:28) [launchwrapper-1.11.jar:?]
	at net.minecraftforge.gradle.GradleStartCommon.launch(Unknown Source) [start/:?]
	at GradleStart.main(Unknown Source) [start/:?]
[14:09:53] [Client thread/INFO]: Created: 256x256 textures/items-atlas
[14:09:54] [Sound Library Loader/INFO]: Sound engine started
[14:10:02] [Server thread/INFO]: Starting integrated minecraft server version 1.7.10
[14:10:02] [Server thread/INFO]: Generating keypair
[14:10:04] [Server thread/INFO]: Preparing start region for level 0
[14:10:05] [Server thread/INFO]: Changing view distance to 8, from 10
[14:10:06] [Server thread/INFO]: Player281[local:E:0bc17287] logged in with entity id 6 at (-646.0291175078288, 59.0, 1076.7046332101806)
[14:10:06] [Server thread/INFO]: Player281 joined the game
[14:10:18] [Client thread/INFO]: [CHAT] Damage Indicators v.3.2.3.0 is up to date.
[14:10:19] [Server thread/INFO]: Saving and pausing game...
[14:10:20] [Server thread/INFO]: Saving chunks for level 'Flatlands'/Overworld
[14:10:20] [Server thread/INFO]: Saving chunks for level 'Flatlands'/Nether
[14:10:20] [Server thread/INFO]: Saving chunks for level 'Flatlands'/The End
[14:10:34] [Server thread/ERROR]: Encountered an unexpected exception
net.minecraft.util.ReportedException: Reading NBT data
	at net.minecraft.network.NetworkSystem.networkTick(NetworkSystem.java:198) ~[NetworkSystem.class:?]
	at net.minecraft.server.MinecraftServer.updateTimeLightAndEntities(MinecraftServer.java:726) ~[MinecraftServer.class:?]
	at net.minecraft.server.MinecraftServer.tick(MinecraftServer.java:614) ~[MinecraftServer.class:?]
	at net.minecraft.server.integrated.IntegratedServer.tick(IntegratedServer.java:118) ~[IntegratedServer.class:?]
	at net.minecraft.server.MinecraftServer.run(MinecraftServer.java:485) [MinecraftServer.class:?]
	at net.minecraft.server.MinecraftServer$2.run(MinecraftServer.java:752) [MinecraftServer$2.class:?]
Caused by: java.lang.ClassCastException: net.minecraft.nbt.NBTTagByteArray cannot be cast to net.minecraft.nbt.NBTTagIntArray
	at net.minecraft.nbt.NBTTagCompound.getIntArray(NBTTagCompound.java:318) ~[NBTTagCompound.class:?]
	at essenceMod.items.ItemModSword.getAvailableLevels(ItemModSword.java:138) ~[ItemModSword.class:?]
	at essenceMod.entities.tileEntities.TileEntityEssenceInfuser.correctResource(TileEntityEssenceInfuser.java:193) ~[TileEntityEssenceInfuser.class:?]
	at essenceMod.entities.tileEntities.TileEntityEssenceInfuser.hasResource(TileEntityEssenceInfuser.java:211) ~[TileEntityEssenceInfuser.class:?]
	at essenceMod.entities.tileEntities.TileEntityEssenceInfuser.isReady(TileEntityEssenceInfuser.java:72) ~[TileEntityEssenceInfuser.class:?]
	at essenceMod.blocks.EssenceInfuser.onBlockActivated(EssenceInfuser.java:85) ~[EssenceInfuser.class:?]
	at net.minecraft.server.management.ItemInWorldManager.activateBlockOrUseItem(ItemInWorldManager.java:409) ~[ItemInWorldManager.class:?]
	at net.minecraft.network.NetHandlerPlayServer.processPlayerBlockPlacement(NetHandlerPlayServer.java:593) ~[NetHandlerPlayServer.class:?]
	at net.minecraft.network.play.client.C08PacketPlayerBlockPlacement.processPacket(C08PacketPlayerBlockPlacement.java:74) ~[C08PacketPlayerBlockPlacement.class:?]
	at net.minecraft.network.play.client.C08PacketPlayerBlockPlacement.processPacket(C08PacketPlayerBlockPlacement.java:122) ~[C08PacketPlayerBlockPlacement.class:?]
	at net.minecraft.network.NetworkManager.processReceivedPackets(NetworkManager.java:241) ~[NetworkManager.class:?]
	at net.minecraft.network.NetworkSystem.networkTick(NetworkSystem.java:182) ~[NetworkSystem.class:?]
	... 5 more
[14:10:34] [Server thread/ERROR]: This crash report has been saved to: C:\Users\smart_000\Desktop\Minecraft Modding\1.7.10\forge-1.7.10-10.13.2.1291-src\eclipse\.\crash-reports\crash-2015-06-01_14.10.34-server.txt
[14:10:34] [Server thread/INFO]: Stopping server
[14:10:34] [Server thread/INFO]: Saving players
[14:10:34] [Server thread/INFO]: Saving worlds
[14:10:34] [Server thread/INFO]: Saving chunks for level 'Flatlands'/Overworld
[14:10:34] [Server thread/INFO]: Saving chunks for level 'Flatlands'/Nether
[14:10:34] [Server thread/INFO]: Saving chunks for level 'Flatlands'/The End
[14:11:31] [main/INFO]: Setting user: Player680
